<?xml version="1.0" encoding="UTF-8"?>
<testsuite name="com.example.kakao._core.regex.RegexTest" tests="4" skipped="0" failures="0" errors="0" timestamp="2023-08-02T04:50:54" hostname="MacBook-Pro.local" time="0.015">
  <properties/>
  <testcase name="영문숫자특수문자포함_공백안됨_test()" classname="com.example.kakao._core.regex.RegexTest" time="0.012"/>
  <testcase name="정상적인한글만된다_test()" classname="com.example.kakao._core.regex.RegexTest" time="0.0"/>
  <testcase name="이메일형식만된다_test()" classname="com.example.kakao._core.regex.RegexTest" time="0.001"/>
  <testcase name="한글은안된다_test()" classname="com.example.kakao._core.regex.RegexTest" time="0.001"/>
  <system-out><![CDATA[테스트 : true
테스트 : true
테스트 : true
테스트 : true
]]></system-out>
  <system-err><![CDATA[]]></system-err>
</testsuite>
